<?xml version="1.0" encoding="UTF-8"?>
<testsuite xmlns:xsi="http://www.w3.org/2001/XMLSchema-instance" xsi:noNamespaceSchemaLocation="https://maven.apache.org/surefire/maven-surefire-plugin/xsd/surefire-test-report.xsd" version="3.0.2" name="br.com.ads.globix.GlobixApplicationTests" time="1.383" tests="1" errors="0" skipped="0" failures="0">
  <properties>
[...]
</properties>
  <testcase name="contextLoads" classname="br.com.ads.globix.GlobixApplicationTests" time="0.469">
    <system-out><![CDATA[16:30:27.102 [main] INFO org.springframework.test.context.support.AnnotationConfigContextLoaderUtils -- Could not detect default configuration classes for test class [br.com.ads.globix.GlobixApplicationTests]: GlobixApplicationTests does not declare any static, non-private, non-final, nested classes annotated with @Configuration.
16:30:27.152 [main] INFO org.springframework.boot.test.context.SpringBootTestContextBootstrapper -- Found @SpringBootConfiguration br.com.ads.globix.GlobixApplication for test class br.com.ads.globix.GlobixApplicationTests

  .   ____          _            __ _ _
 /\\ / ___'_ __ _ _(_)_ __  __ _ \ \ \ \
( ( )\___ | '_ | '_| | '_ \/ _` | \ \ \ \
 \\/  ___)| |_)| | | | | || (_| |  ) ) ) )
  '  |____| .__|_| |_|_| |_\__, | / / / /
 =========|_|==============|___/=/_/_/_/

 :: Spring Boot ::                (v3.4.2)

2025-02-16T16:30:27.384-03:00  INFO 17534 --- [globix] [           main] b.com.ads.globix.GlobixApplicationTests  : Starting GlobixApplicationTests using Java 21.0.4 with PID 17534 (started by luanflor in /home/luanflor/faculdade/quinto_periodo/lab_esof/repo-teste)
2025-02-16T16:30:27.386-03:00  INFO 17534 --- [globix] [           main] b.com.ads.globix.GlobixApplicationTests  : No active profile set, falling back to 1 default profile: "default"
2025-02-16T16:30:27.921-03:00  INFO 17534 --- [globix] [           main] b.com.ads.globix.GlobixApplicationTests  : Started GlobixApplicationTests in 0.701 seconds (process running for 1.166)
]]></system-out>
    <system-err><![CDATA[Mockito is currently self-attaching to enable the inline-mock-maker. This will no longer work in future releases of the JDK. Please add Mockito as an agent to your build what is described in Mockito's documentation: https://javadoc.io/doc/org.mockito/mockito-core/latest/org/mockito/Mockito.html#0.3
WARNING: A Java agent has been loaded dynamically (/home/luanflor/.m2/repository/net/bytebuddy/byte-buddy-agent/1.15.11/byte-buddy-agent-1.15.11.jar)
WARNING: If a serviceability tool is in use, please run with -XX:+EnableDynamicAgentLoading to hide this warning
WARNING: If a serviceability tool is not in use, please run with -Djdk.instrument.traceUsage for more information
WARNING: Dynamic loading of agents will be disallowed by default in a future release
]]></system-err>
  </testcase>
</testsuite>